2021-07-28 23:17:22.251  INFO 8396 --- [restartedMain] c.b.e.EmployePayrollAppApplication       : Starting EmployePayrollAppApplication using Java 16.0.1 on MD-CJDKE06555KH with PID 8396 (C:\Users\harshit.jadon.MD-CJDKE06555KH\Desktop\Spring\EmployePayrollApp\target\classes started by harshit.jadon in C:\Users\harshit.jadon.MD-CJDKE06555KH\Desktop\Spring\EmployePayrollApp)
2021-07-28 23:17:22.253 DEBUG 8396 --- [restartedMain] c.b.e.EmployePayrollAppApplication       : Running with Spring Boot v2.5.3, Spring v5.3.9
2021-07-28 23:17:22.253  INFO 8396 --- [restartedMain] c.b.e.EmployePayrollAppApplication       : No active profile set, falling back to default profiles: default
2021-07-28 23:17:23.747  WARN 8396 --- [restartedMain] com.zaxxer.hikari.util.DriverDataSource  : Registered driver with driverClassName=com.mysql.jdbc.Driver was not found, trying direct instantiation.
2021-07-28 23:17:24.591  WARN 8396 --- [restartedMain] JpaBaseConfiguration$JpaWebConfiguration : spring.jpa.open-in-view is enabled by default. Therefore, database queries may be performed during view rendering. Explicitly configure spring.jpa.open-in-view to disable this warning
2021-07-28 23:17:24.879  INFO 8396 --- [restartedMain] c.b.e.EmployePayrollAppApplication       : Started EmployePayrollAppApplication in 3.184 seconds (JVM running for 4.313)
2021-07-28 23:17:24.882  INFO 8396 --- [restartedMain] c.b.e.EmployePayrollAppApplication       : **************...Welcome to Employee Payroll App...**************
2021-07-28 23:17:24.882  INFO 8396 --- [restartedMain] c.b.e.EmployePayrollAppApplication       : **************...Employee Payroll App Started...**************
2021-07-28 23:19:14.151  INFO 10048 --- [restartedMain] c.b.e.EmployePayrollAppApplication       : Starting EmployePayrollAppApplication using Java 16.0.1 on MD-CJDKE06555KH with PID 10048 (C:\Users\harshit.jadon.MD-CJDKE06555KH\Desktop\Spring\EmployePayrollApp\target\classes started by harshit.jadon in C:\Users\harshit.jadon.MD-CJDKE06555KH\Desktop\Spring\EmployePayrollApp)
2021-07-28 23:19:14.153 DEBUG 10048 --- [restartedMain] c.b.e.EmployePayrollAppApplication       : Running with Spring Boot v2.5.3, Spring v5.3.9
2021-07-28 23:19:14.154  INFO 10048 --- [restartedMain] c.b.e.EmployePayrollAppApplication       : No active profile set, falling back to default profiles: default
2021-07-28 23:19:15.902  WARN 10048 --- [restartedMain] com.zaxxer.hikari.util.DriverDataSource  : Registered driver with driverClassName=com.mysql.jdbc.Driver was not found, trying direct instantiation.
2021-07-28 23:19:16.876  WARN 10048 --- [restartedMain] JpaBaseConfiguration$JpaWebConfiguration : spring.jpa.open-in-view is enabled by default. Therefore, database queries may be performed during view rendering. Explicitly configure spring.jpa.open-in-view to disable this warning
2021-07-28 23:19:17.172  INFO 10048 --- [restartedMain] c.b.e.EmployePayrollAppApplication       : Started EmployePayrollAppApplication in 3.499 seconds (JVM running for 4.471)
2021-07-28 23:19:17.175  INFO 10048 --- [restartedMain] c.b.e.EmployePayrollAppApplication       : **************...Welcome to Employee Payroll App...**************
2021-07-28 23:19:17.176  INFO 10048 --- [restartedMain] c.b.e.EmployePayrollAppApplication       : **************...Employee Payroll App Started...**************
2021-07-28 23:19:45.018  INFO 10248 --- [restartedMain] c.b.e.EmployePayrollAppApplication       : Starting EmployePayrollAppApplication using Java 16.0.1 on MD-CJDKE06555KH with PID 10248 (C:\Users\harshit.jadon.MD-CJDKE06555KH\Desktop\Spring\EmployePayrollApp\target\classes started by harshit.jadon in C:\Users\harshit.jadon.MD-CJDKE06555KH\Desktop\Spring\EmployePayrollApp)
2021-07-28 23:19:45.023 DEBUG 10248 --- [restartedMain] c.b.e.EmployePayrollAppApplication       : Running with Spring Boot v2.5.3, Spring v5.3.9
2021-07-28 23:19:45.023  INFO 10248 --- [restartedMain] c.b.e.EmployePayrollAppApplication       : No active profile set, falling back to default profiles: default
2021-07-28 23:19:46.505  WARN 10248 --- [restartedMain] com.zaxxer.hikari.util.DriverDataSource  : Registered driver with driverClassName=com.mysql.jdbc.Driver was not found, trying direct instantiation.
2021-07-28 23:19:47.264  WARN 10248 --- [restartedMain] JpaBaseConfiguration$JpaWebConfiguration : spring.jpa.open-in-view is enabled by default. Therefore, database queries may be performed during view rendering. Explicitly configure spring.jpa.open-in-view to disable this warning
2021-07-28 23:19:47.557  INFO 10248 --- [restartedMain] c.b.e.EmployePayrollAppApplication       : Started EmployePayrollAppApplication in 3.136 seconds (JVM running for 4.024)
2021-07-28 23:19:47.560  INFO 10248 --- [restartedMain] c.b.e.EmployePayrollAppApplication       : **************...Welcome to Employee Payroll App...**************
2021-07-28 23:19:47.560  INFO 10248 --- [restartedMain] c.b.e.EmployePayrollAppApplication       : **************...Employee Payroll App Started...**************
